<?xml version="1.0" encoding="UTF-8"?>
<!-- Generated by org.testng.reporters.JUnitXMLReporter -->
<testsuite ignored="0" hostname="9NWBY93-METO" failures="0" tests="1" name="App Manager Login Test" time="252.77" errors="0" timestamp="2023-02-23T17:32:31 PET">
  <testcase classname="org.meto.appium.base.TestBase" name="@AfterClass teardown" time="0.589">
    <failure type="java.lang.NullPointerException" message="Cannot invoke &amp;quot;io.appium.java_client.service.local.AppiumDriverLocalService.stop()&amp;quot; because &amp;quot;this.service&amp;quot; is null">
      <![CDATA[java.lang.NullPointerException: Cannot invoke "io.appium.java_client.service.local.AppiumDriverLocalService.stop()" because "this.service" is null
at org.meto.appium.base.TestBase.teardown(TestBase.java:57)
at java.base/java.util.ArrayList.forEach(ArrayList.java:1511)
... Removed 25 stack frames]]>
    </failure>
  </testcase> <!-- @AfterClass teardown -->
  <testcase classname="org.meto.appium.tests.TFLogin" name="FillForm" time="232.4"/>
</testsuite> <!-- App Manager Login Test -->
